C:\Users\EuroParts\source\repos\WorldTimeApp\WorldTimeApp\ClientApp\dist\out-tsc\app\_models\time-model.js
C:\Users\EuroParts\source\repos\WorldTimeApp\WorldTimeApp\ClientApp\dist\out-tsc\app\_models\time-model.js.map
C:\Users\EuroParts\source\repos\WorldTimeApp\WorldTimeApp\ClientApp\dist\out-tsc\app\_services\time.service.js
C:\Users\EuroParts\source\repos\WorldTimeApp\WorldTimeApp\ClientApp\dist\out-tsc\app\_services\time.service.js.map
C:\Users\EuroParts\source\repos\WorldTimeApp\WorldTimeApp\ClientApp\dist\out-tsc\app\pages\time\world-time.component.js
C:\Users\EuroParts\source\repos\WorldTimeApp\WorldTimeApp\ClientApp\dist\out-tsc\app\pages\time\world-time.component.js.map
C:\Users\EuroParts\source\repos\WorldTimeApp\WorldTimeApp\ClientApp\dist\out-tsc\app\app-routing.module.js
C:\Users\EuroParts\source\repos\WorldTimeApp\WorldTimeApp\ClientApp\dist\out-tsc\app\app-routing.module.js.map
C:\Users\EuroParts\source\repos\WorldTimeApp\WorldTimeApp\ClientApp\dist\out-tsc\app\app.component.js
C:\Users\EuroParts\source\repos\WorldTimeApp\WorldTimeApp\ClientApp\dist\out-tsc\app\app.component.js.map
C:\Users\EuroParts\source\repos\WorldTimeApp\WorldTimeApp\ClientApp\dist\out-tsc\app\app.module.js
C:\Users\EuroParts\source\repos\WorldTimeApp\WorldTimeApp\ClientApp\dist\out-tsc\app\app.module.js.map
C:\Users\EuroParts\source\repos\WorldTimeApp\WorldTimeApp\ClientApp\dist\out-tsc\environments\environment.js
C:\Users\EuroParts\source\repos\WorldTimeApp\WorldTimeApp\ClientApp\dist\out-tsc\environments\environment.js.map
C:\Users\EuroParts\source\repos\WorldTimeApp\WorldTimeApp\ClientApp\dist\out-tsc\main.js
C:\Users\EuroParts\source\repos\WorldTimeApp\WorldTimeApp\ClientApp\dist\out-tsc\main.js.map
C:\Users\EuroParts\source\repos\WorldTimeApp\WorldTimeApp\ClientApp\dist\out-tsc\polyfills.js
C:\Users\EuroParts\source\repos\WorldTimeApp\WorldTimeApp\ClientApp\dist\out-tsc\polyfills.js.map
C:\Users\EuroParts\source\repos\WorldTimeApp\WorldTimeApp\ClientApp\dist\out-tsc\test.js
C:\Users\EuroParts\source\repos\WorldTimeApp\WorldTimeApp\ClientApp\dist\out-tsc\test.js.map
C:\Users\EuroParts\source\repos\WorldTimeApp\WorldTimeApp\ClientApp\dist\out-tsc\environments\environment.prod.js
C:\Users\EuroParts\source\repos\WorldTimeApp\WorldTimeApp\ClientApp\dist\out-tsc\environments\environment.prod.js.map
